[2026-02-22 15:41:48] === BACKFILL START season=2025-26 ===
[2026-02-22 15:41:48] force_refresh_games=False | force_refetch_pbp=False | max_games=None
[2026-02-22 15:41:48] Ensuring raw table exists: play_by_play_v3_raw
[2026-02-22 15:41:48] Fetching games for MIN season=2025-26 ...
[2026-02-22 15:41:48] Fetched 63 games rows. Inserting into games table...
[2026-02-22 15:41:48] Games to process: 63
[2026-02-22 15:41:48] [1/63] game_id=0022500806
[2026-02-22 15:41:49]   -> fetched 537 API events
[2026-02-22 15:41:49]   -> attempted insert 537 rows (duplicates ignored by UNIQUE)
[2026-02-22 15:41:50] [2/63] game_id=0022500783
[2026-02-22 15:41:51]   -> fetched 528 API events
[2026-02-22 15:41:51]   -> attempted insert 528 rows (duplicates ignored by UNIQUE)
[2026-02-22 15:41:52] [3/63] game_id=0022500765
[2026-02-22 15:41:53]   -> fetched 532 API events
[2026-02-22 15:41:53]   -> attempted insert 532 rows (duplicates ignored by UNIQUE)
[2026-02-22 15:41:55] [4/63] game_id=0022500760
[2026-02-22 15:41:56]   -> fetched 484 API events
[2026-02-22 15:41:56]   -> attempted insert 484 rows (duplicates ignored by UNIQUE)
[2026-02-22 15:41:58] [5/63] game_id=0022500744
[2026-02-22 15:41:59]   -> fetched 483 API events
[2026-02-22 15:41:59]   -> attempted insert 483 rows (duplicates ignored by UNIQUE)
[2026-02-22 15:42:01] [6/63] game_id=0022500727
[2026-02-22 15:42:01]   -> fetched 520 API events
[2026-02-22 15:42:02]   -> attempted insert 520 rows (duplicates ignored by UNIQUE)
[2026-02-22 15:42:03] [7/63] game_id=0022500714
[2026-02-22 15:42:04]   -> fetched 522 API events
[2026-02-22 15:42:04]   -> attempted insert 522 rows (duplicates ignored by UNIQUE)
[2026-02-22 15:42:06] [8/63] game_id=0022500700
[2026-02-22 15:42:07]   -> fetched 493 API events
[2026-02-22 15:42:08]   -> attempted insert 493 rows (duplicates ignored by UNIQUE)
[2026-02-22 15:42:09] [9/63] game_id=0022500686
[2026-02-22 15:42:10]   -> fetched 504 API events
[2026-02-22 15:42:10]   -> attempted insert 504 rows (duplicates ignored by UNIQUE)
[2026-02-22 15:42:12] [10/63] game_id=0022500677
[2026-02-22 15:42:13]   -> fetched 540 API events
[2026-02-22 15:42:13]   -> attempted insert 540 rows (duplicates ignored by UNIQUE)
[2026-02-22 15:42:15] [11/63] game_id=0022500663
[2026-02-22 15:42:16]   -> fetched 516 API events
[2026-02-22 15:42:16]   -> attempted insert 516 rows (duplicates ignored by UNIQUE)
[2026-02-22 15:42:17] [12/63] game_id=0022500644
[2026-02-22 15:42:18]   -> fetched 515 API events
[2026-02-22 15:42:18]   -> attempted insert 515 rows (duplicates ignored by UNIQUE)
[2026-02-22 15:42:19] [13/63] game_id=0022500631
[2026-02-22 15:42:20]   -> fetched 505 API events
[2026-02-22 15:42:21]   -> attempted insert 505 rows (duplicates ignored by UNIQUE)
[2026-02-22 15:42:22] [14/63] game_id=0022500616
[2026-02-22 15:42:23]   -> fetched 518 API events
[2026-02-22 15:42:23]   -> attempted insert 518 rows (duplicates ignored by UNIQUE)
[2026-02-22 15:42:25] [15/63] game_id=0022500598
[2026-02-22 15:42:26]   -> fetched 525 API events
[2026-02-22 15:42:26]   -> attempted insert 525 rows (duplicates ignored by UNIQUE)
[2026-02-22 15:42:28] [16/63] game_id=0022500591
[2026-02-22 15:42:29]   -> fetched 557 API events
[2026-02-22 15:42:29]   -> attempted insert 557 rows (duplicates ignored by UNIQUE)
[2026-02-22 15:42:31] [17/63] game_id=0022500566
[2026-02-22 15:42:32]   -> fetched 458 API events
[2026-02-22 15:42:32]   -> attempted insert 458 rows (duplicates ignored by UNIQUE)
[2026-02-22 15:42:34] [18/63] game_id=0022500552
[2026-02-22 15:42:35]   -> fetched 520 API events
[2026-02-22 15:42:35]   -> attempted insert 520 rows (duplicates ignored by UNIQUE)
[2026-02-22 15:42:37] [19/63] game_id=0022500542
[2026-02-22 15:42:37]   -> fetched 477 API events
[2026-02-22 15:42:38]   -> attempted insert 477 rows (duplicates ignored by UNIQUE)
[2026-02-22 15:42:40] [20/63] game_id=0022500530
[2026-02-22 15:42:40]   -> fetched 471 API events
[2026-02-22 15:42:41]   -> attempted insert 471 rows (duplicates ignored by UNIQUE)
[2026-02-22 15:42:42] [21/63] game_id=0022500513
[2026-02-22 15:42:43]   -> fetched 527 API events
[2026-02-22 15:42:43]   -> attempted insert 527 rows (duplicates ignored by UNIQUE)
[2026-02-22 15:42:44] [22/63] game_id=0022500498
[2026-02-22 15:42:45]   -> fetched 504 API events
[2026-02-22 15:42:45]   -> attempted insert 504 rows (duplicates ignored by UNIQUE)
[2026-02-22 15:42:46] [23/63] game_id=0022500486
[2026-02-22 15:42:47]   -> fetched 488 API events
[2026-02-22 15:42:47]   -> attempted insert 488 rows (duplicates ignored by UNIQUE)
[2026-02-22 15:42:48] [24/63] game_id=0022500463
[2026-02-22 15:42:49]   -> fetched 493 API events
[2026-02-22 15:42:49]   -> attempted insert 493 rows (duplicates ignored by UNIQUE)
[2026-02-22 15:42:51] [25/63] game_id=0022500452
[2026-02-22 15:42:52]   -> fetched 489 API events
[2026-02-22 15:42:52]   -> attempted insert 489 rows (duplicates ignored by UNIQUE)
[2026-02-22 15:42:53] [26/63] game_id=0022500439
[2026-02-22 15:42:55]   -> fetched 474 API events
[2026-02-22 15:42:55]   -> attempted insert 474 rows (duplicates ignored by UNIQUE)
[2026-02-22 15:42:57] [27/63] game_id=0022500013
[2026-02-22 15:42:58]   -> fetched 583 API events
[2026-02-22 15:42:58]   -> attempted insert 583 rows (duplicates ignored by UNIQUE)
[2026-02-22 15:42:59] [28/63] game_id=0022500416
[2026-02-22 15:43:00]   -> fetched 526 API events
[2026-02-22 15:43:00]   -> attempted insert 526 rows (duplicates ignored by UNIQUE)
[2026-02-22 15:43:02] [29/63] game_id=0022500400
[2026-02-22 15:43:02]   -> fetched 485 API events
[2026-02-22 15:43:02]   -> attempted insert 485 rows (duplicates ignored by UNIQUE)
[2026-02-22 15:43:05] [30/63] game_id=0022500385
[2026-02-22 15:43:06]   -> fetched 575 API events
[2026-02-22 15:43:06]   -> attempted insert 575 rows (duplicates ignored by UNIQUE)
[2026-02-22 15:43:07] [31/63] game_id=0022500368
[2026-02-22 15:43:08]   -> fetched 586 API events
[2026-02-22 15:43:08]   -> attempted insert 586 rows (duplicates ignored by UNIQUE)
[2026-02-22 15:43:09] [32/63] game_id=0022501220
[2026-02-22 15:43:10]   -> fetched 504 API events
[2026-02-22 15:43:10]   -> attempted insert 504 rows (duplicates ignored by UNIQUE)
[2026-02-22 15:43:12] [33/63] game_id=0022501215
[2026-02-22 15:43:13]   -> fetched 514 API events
[2026-02-22 15:43:13]   -> attempted insert 514 rows (duplicates ignored by UNIQUE)
[2026-02-22 15:43:14] [34/63] game_id=0022500365
[2026-02-22 15:43:15]   -> fetched 487 API events
[2026-02-22 15:43:15]   -> attempted insert 487 rows (duplicates ignored by UNIQUE)
[2026-02-22 15:43:17] [35/63] game_id=0022500355
[2026-02-22 15:43:18]   -> fetched 480 API events
[2026-02-22 15:43:18]   -> attempted insert 480 rows (duplicates ignored by UNIQUE)
[2026-02-22 15:43:19] [36/63] game_id=0022500337
[2026-02-22 15:43:20]   -> fetched 523 API events
[2026-02-22 15:43:20]   -> attempted insert 523 rows (duplicates ignored by UNIQUE)
[2026-02-22 15:43:21] [37/63] game_id=0022500321
[2026-02-22 15:43:21]   -> fetched 531 API events
[2026-02-22 15:43:21]   -> attempted insert 531 rows (duplicates ignored by UNIQUE)
[2026-02-22 15:43:22] [38/63] game_id=0022500306
[2026-02-22 15:43:24]   -> fetched 444 API events
[2026-02-22 15:43:24]   -> attempted insert 444 rows (duplicates ignored by UNIQUE)
[2026-02-22 15:43:25] [39/63] game_id=0022500293
[2026-02-22 15:43:26]   -> fetched 482 API events
[2026-02-22 15:43:26]   -> attempted insert 482 rows (duplicates ignored by UNIQUE)
[2026-02-22 15:43:27] [40/63] game_id=0022500064
[2026-02-22 15:43:28]   -> fetched 528 API events
[2026-02-22 15:43:28]   -> attempted insert 528 rows (duplicates ignored by UNIQUE)
[2026-02-22 15:43:30] [41/63] game_id=0022500292
[2026-02-22 15:43:31]   -> fetched 557 API events
[2026-02-22 15:43:31]   -> attempted insert 557 rows (duplicates ignored by UNIQUE)
[2026-02-22 15:43:33] [42/63] game_id=0022500053
[2026-02-22 15:43:34]   -> fetched 552 API events
[2026-02-22 15:43:34]   -> attempted insert 552 rows (duplicates ignored by UNIQUE)
[2026-02-22 15:43:36] [43/63] game_id=0022500259
[2026-02-22 15:43:37]   -> fetched 512 API events
[2026-02-22 15:43:37]   -> attempted insert 512 rows (duplicates ignored by UNIQUE)
[2026-02-22 15:43:38] [44/63] game_id=0022500246
[2026-02-22 15:43:40]   -> fetched 553 API events
[2026-02-22 15:43:40]   -> attempted insert 553 rows (duplicates ignored by UNIQUE)
[2026-02-22 15:43:41] [45/63] game_id=0022500232
[2026-02-22 15:43:42]   -> fetched 511 API events
[2026-02-22 15:43:42]   -> attempted insert 511 rows (duplicates ignored by UNIQUE)
[2026-02-22 15:43:44] [46/63] game_id=0022500044
[2026-02-22 15:43:45]   -> fetched 552 API events
[2026-02-22 15:43:45]   -> attempted insert 552 rows (duplicates ignored by UNIQUE)
[2026-02-22 15:43:46] [47/63] game_id=0022500205
[2026-02-22 15:43:47]   -> fetched 512 API events
[2026-02-22 15:43:47]   -> attempted insert 512 rows (duplicates ignored by UNIQUE)
[2026-02-22 15:43:49] [48/63] game_id=0022500197
[2026-02-22 15:43:50]   -> fetched 519 API events
[2026-02-22 15:43:50]   -> attempted insert 519 rows (duplicates ignored by UNIQUE)
[2026-02-22 15:43:52] [49/63] game_id=0022500036
[2026-02-22 15:43:53]   -> fetched 535 API events
[2026-02-22 15:43:53]   -> attempted insert 535 rows (duplicates ignored by UNIQUE)
[2026-02-22 15:43:54] [50/63] game_id=0022500175
[2026-02-22 15:43:55]   -> fetched 483 API events
[2026-02-22 15:43:55]   -> attempted insert 483 rows (duplicates ignored by UNIQUE)
[2026-02-22 15:43:57] [51/63] game_id=0022500156
[2026-02-22 15:43:58]   -> fetched 534 API events
[2026-02-22 15:43:58]   -> attempted insert 534 rows (duplicates ignored by UNIQUE)
[2026-02-22 15:44:00] [52/63] game_id=0022500143
[2026-02-22 15:44:01]   -> fetched 482 API events
[2026-02-22 15:44:01]   -> attempted insert 482 rows (duplicates ignored by UNIQUE)
[2026-02-22 15:44:02] [53/63] game_id=0022500136
[2026-02-22 15:44:03]   -> fetched 485 API events
[2026-02-22 15:44:03]   -> attempted insert 485 rows (duplicates ignored by UNIQUE)
[2026-02-22 15:44:04] [54/63] game_id=0022500008
[2026-02-22 15:44:05]   -> fetched 514 API events
[2026-02-22 15:44:05]   -> attempted insert 514 rows (duplicates ignored by UNIQUE)
[2026-02-22 15:44:07] [55/63] game_id=0022500110
[2026-02-22 15:44:08]   -> fetched 559 API events
[2026-02-22 15:44:08]   -> attempted insert 559 rows (duplicates ignored by UNIQUE)
[2026-02-22 15:44:10] [56/63] game_id=0022500019
