[2026-02-22 15:40:11] === BACKFILL START season=2025-26 ===
[2026-02-22 15:40:11] force_refresh_games=False | force_refetch_pbp=False | max_games=None
[2026-02-22 15:40:11] Ensuring raw table exists: play_by_play_v3_raw
[2026-02-22 15:40:11] Fetching games for MIN season=2025-26 ...
[2026-02-22 15:40:11] Fetched 63 games rows. Inserting into games table...
[2026-02-22 15:40:11] Games to process: 63
[2026-02-22 15:40:11] [1/63] game_id=0022500806
[2026-02-22 15:40:13]   -> fetched 537 API events
[2026-02-22 15:40:13]   -> FAIL: InvalidColumnReference('there is no unique or exclusion constraint matching the ON CONFLICT specification\n')
[2026-02-22 15:40:13] Traceback (most recent call last):
  File "c:\Users\phili\Desktop\nba-substitution-prediction\src\collect\backfill_season.py", line 166, in backfill
    attempted = pbp.insert_raw_play_by_play(df)
                ^^^^^^^^^^^^^^^^^^^^^^^^^^^^^^^
  File "c:\Users\phili\Desktop\nba-substitution-prediction\src\collect\get_play_by_play.py", line 257, in insert_raw_play_by_play
    psycopg2.extras.execute_values(
  File "C:\Users\phili\Desktop\nba-substitution-prediction\venv\Lib\site-packages\psycopg2\extras.py", line 1299, in execute_values
    cur.execute(b''.join(parts))
psycopg2.errors.InvalidColumnReference: there is no unique or exclusion constraint matching the ON CONFLICT specification


[2026-02-22 15:40:18] [2/63] game_id=0022500783
[2026-02-22 15:40:19]   -> fetched 528 API events
[2026-02-22 15:40:19]   -> FAIL: InvalidColumnReference('there is no unique or exclusion constraint matching the ON CONFLICT specification\n')
[2026-02-22 15:40:19] Traceback (most recent call last):
  File "c:\Users\phili\Desktop\nba-substitution-prediction\src\collect\backfill_season.py", line 166, in backfill
    attempted = pbp.insert_raw_play_by_play(df)
                ^^^^^^^^^^^^^^^^^^^^^^^^^^^^^^^
  File "c:\Users\phili\Desktop\nba-substitution-prediction\src\collect\get_play_by_play.py", line 257, in insert_raw_play_by_play
    psycopg2.extras.execute_values(
  File "C:\Users\phili\Desktop\nba-substitution-prediction\venv\Lib\site-packages\psycopg2\extras.py", line 1299, in execute_values
    cur.execute(b''.join(parts))
psycopg2.errors.InvalidColumnReference: there is no unique or exclusion constraint matching the ON CONFLICT specification


[2026-02-22 15:40:22] [3/63] game_id=0022500765
[2026-02-22 15:40:23]   -> fetched 532 API events
[2026-02-22 15:40:23]   -> FAIL: InvalidColumnReference('there is no unique or exclusion constraint matching the ON CONFLICT specification\n')
[2026-02-22 15:40:23] Traceback (most recent call last):
  File "c:\Users\phili\Desktop\nba-substitution-prediction\src\collect\backfill_season.py", line 166, in backfill
    attempted = pbp.insert_raw_play_by_play(df)
                ^^^^^^^^^^^^^^^^^^^^^^^^^^^^^^^
  File "c:\Users\phili\Desktop\nba-substitution-prediction\src\collect\get_play_by_play.py", line 257, in insert_raw_play_by_play
    psycopg2.extras.execute_values(
  File "C:\Users\phili\Desktop\nba-substitution-prediction\venv\Lib\site-packages\psycopg2\extras.py", line 1299, in execute_values
    cur.execute(b''.join(parts))
psycopg2.errors.InvalidColumnReference: there is no unique or exclusion constraint matching the ON CONFLICT specification


[2026-02-22 15:40:30] [4/63] game_id=0022500760
[2026-02-22 15:40:31]   -> fetched 484 API events
[2026-02-22 15:40:31]   -> FAIL: InvalidColumnReference('there is no unique or exclusion constraint matching the ON CONFLICT specification\n')
[2026-02-22 15:40:31] Traceback (most recent call last):
  File "c:\Users\phili\Desktop\nba-substitution-prediction\src\collect\backfill_season.py", line 166, in backfill
    attempted = pbp.insert_raw_play_by_play(df)
                ^^^^^^^^^^^^^^^^^^^^^^^^^^^^^^^
  File "c:\Users\phili\Desktop\nba-substitution-prediction\src\collect\get_play_by_play.py", line 257, in insert_raw_play_by_play
    psycopg2.extras.execute_values(
  File "C:\Users\phili\Desktop\nba-substitution-prediction\venv\Lib\site-packages\psycopg2\extras.py", line 1299, in execute_values
    cur.execute(b''.join(parts))
psycopg2.errors.InvalidColumnReference: there is no unique or exclusion constraint matching the ON CONFLICT specification


[2026-02-22 15:40:34] [5/63] game_id=0022500744
[2026-02-22 15:40:35]   -> fetched 483 API events
[2026-02-22 15:40:35]   -> FAIL: InvalidColumnReference('there is no unique or exclusion constraint matching the ON CONFLICT specification\n')
[2026-02-22 15:40:35] Traceback (most recent call last):
  File "c:\Users\phili\Desktop\nba-substitution-prediction\src\collect\backfill_season.py", line 166, in backfill
    attempted = pbp.insert_raw_play_by_play(df)
                ^^^^^^^^^^^^^^^^^^^^^^^^^^^^^^^
  File "c:\Users\phili\Desktop\nba-substitution-prediction\src\collect\get_play_by_play.py", line 257, in insert_raw_play_by_play
    psycopg2.extras.execute_values(
  File "C:\Users\phili\Desktop\nba-substitution-prediction\venv\Lib\site-packages\psycopg2\extras.py", line 1299, in execute_values
    cur.execute(b''.join(parts))
psycopg2.errors.InvalidColumnReference: there is no unique or exclusion constraint matching the ON CONFLICT specification


[2026-02-22 15:40:39] [6/63] game_id=0022500727
[2026-02-22 15:40:41]   -> fetched 520 API events
[2026-02-22 15:40:41]   -> FAIL: InvalidColumnReference('there is no unique or exclusion constraint matching the ON CONFLICT specification\n')
[2026-02-22 15:40:41] Traceback (most recent call last):
  File "c:\Users\phili\Desktop\nba-substitution-prediction\src\collect\backfill_season.py", line 166, in backfill
    attempted = pbp.insert_raw_play_by_play(df)
                ^^^^^^^^^^^^^^^^^^^^^^^^^^^^^^^
  File "c:\Users\phili\Desktop\nba-substitution-prediction\src\collect\get_play_by_play.py", line 257, in insert_raw_play_by_play
    psycopg2.extras.execute_values(
  File "C:\Users\phili\Desktop\nba-substitution-prediction\venv\Lib\site-packages\psycopg2\extras.py", line 1299, in execute_values
    cur.execute(b''.join(parts))
psycopg2.errors.InvalidColumnReference: there is no unique or exclusion constraint matching the ON CONFLICT specification


[2026-02-22 15:40:45] [7/63] game_id=0022500714
[2026-02-22 15:40:47]   -> fetched 522 API events
[2026-02-22 15:40:47]   -> FAIL: InvalidColumnReference('there is no unique or exclusion constraint matching the ON CONFLICT specification\n')
[2026-02-22 15:40:47] Traceback (most recent call last):
  File "c:\Users\phili\Desktop\nba-substitution-prediction\src\collect\backfill_season.py", line 166, in backfill
    attempted = pbp.insert_raw_play_by_play(df)
                ^^^^^^^^^^^^^^^^^^^^^^^^^^^^^^^
  File "c:\Users\phili\Desktop\nba-substitution-prediction\src\collect\get_play_by_play.py", line 257, in insert_raw_play_by_play
    psycopg2.extras.execute_values(
  File "C:\Users\phili\Desktop\nba-substitution-prediction\venv\Lib\site-packages\psycopg2\extras.py", line 1299, in execute_values
    cur.execute(b''.join(parts))
psycopg2.errors.InvalidColumnReference: there is no unique or exclusion constraint matching the ON CONFLICT specification


[2026-02-22 15:40:52] [8/63] game_id=0022500700
[2026-02-22 15:40:53]   -> fetched 493 API events
[2026-02-22 15:40:53]   -> FAIL: InvalidColumnReference('there is no unique or exclusion constraint matching the ON CONFLICT specification\n')
[2026-02-22 15:40:53] Traceback (most recent call last):
  File "c:\Users\phili\Desktop\nba-substitution-prediction\src\collect\backfill_season.py", line 166, in backfill
    attempted = pbp.insert_raw_play_by_play(df)
                ^^^^^^^^^^^^^^^^^^^^^^^^^^^^^^^
  File "c:\Users\phili\Desktop\nba-substitution-prediction\src\collect\get_play_by_play.py", line 257, in insert_raw_play_by_play
    psycopg2.extras.execute_values(
  File "C:\Users\phili\Desktop\nba-substitution-prediction\venv\Lib\site-packages\psycopg2\extras.py", line 1299, in execute_values
    cur.execute(b''.join(parts))
psycopg2.errors.InvalidColumnReference: there is no unique or exclusion constraint matching the ON CONFLICT specification


[2026-02-22 15:40:56] [9/63] game_id=0022500686
[2026-02-22 15:40:58]   -> fetched 504 API events
[2026-02-22 15:40:58]   -> FAIL: InvalidColumnReference('there is no unique or exclusion constraint matching the ON CONFLICT specification\n')
[2026-02-22 15:40:58] Traceback (most recent call last):
  File "c:\Users\phili\Desktop\nba-substitution-prediction\src\collect\backfill_season.py", line 166, in backfill
    attempted = pbp.insert_raw_play_by_play(df)
                ^^^^^^^^^^^^^^^^^^^^^^^^^^^^^^^
  File "c:\Users\phili\Desktop\nba-substitution-prediction\src\collect\get_play_by_play.py", line 257, in insert_raw_play_by_play
    psycopg2.extras.execute_values(
  File "C:\Users\phili\Desktop\nba-substitution-prediction\venv\Lib\site-packages\psycopg2\extras.py", line 1299, in execute_values
    cur.execute(b''.join(parts))
psycopg2.errors.InvalidColumnReference: there is no unique or exclusion constraint matching the ON CONFLICT specification


[2026-02-22 15:41:04] [10/63] game_id=0022500677
[2026-02-22 15:41:05]   -> fetched 540 API events
[2026-02-22 15:41:05]   -> FAIL: InvalidColumnReference('there is no unique or exclusion constraint matching the ON CONFLICT specification\n')
[2026-02-22 15:41:05] Traceback (most recent call last):
  File "c:\Users\phili\Desktop\nba-substitution-prediction\src\collect\backfill_season.py", line 166, in backfill
    attempted = pbp.insert_raw_play_by_play(df)
                ^^^^^^^^^^^^^^^^^^^^^^^^^^^^^^^
  File "c:\Users\phili\Desktop\nba-substitution-prediction\src\collect\get_play_by_play.py", line 257, in insert_raw_play_by_play
    psycopg2.extras.execute_values(
  File "C:\Users\phili\Desktop\nba-substitution-prediction\venv\Lib\site-packages\psycopg2\extras.py", line 1299, in execute_values
    cur.execute(b''.join(parts))
psycopg2.errors.InvalidColumnReference: there is no unique or exclusion constraint matching the ON CONFLICT specification


[2026-02-22 15:41:10] [11/63] game_id=0022500663
[2026-02-22 15:41:12]   -> fetched 516 API events
[2026-02-22 15:41:12]   -> FAIL: InvalidColumnReference('there is no unique or exclusion constraint matching the ON CONFLICT specification\n')
[2026-02-22 15:41:12] Traceback (most recent call last):
  File "c:\Users\phili\Desktop\nba-substitution-prediction\src\collect\backfill_season.py", line 166, in backfill
    attempted = pbp.insert_raw_play_by_play(df)
                ^^^^^^^^^^^^^^^^^^^^^^^^^^^^^^^
  File "c:\Users\phili\Desktop\nba-substitution-prediction\src\collect\get_play_by_play.py", line 257, in insert_raw_play_by_play
    psycopg2.extras.execute_values(
  File "C:\Users\phili\Desktop\nba-substitution-prediction\venv\Lib\site-packages\psycopg2\extras.py", line 1299, in execute_values
    cur.execute(b''.join(parts))
psycopg2.errors.InvalidColumnReference: there is no unique or exclusion constraint matching the ON CONFLICT specification


[2026-02-22 15:41:18] [12/63] game_id=0022500644
[2026-02-22 15:41:20]   -> fetched 515 API events
[2026-02-22 15:41:20]   -> FAIL: InvalidColumnReference('there is no unique or exclusion constraint matching the ON CONFLICT specification\n')
[2026-02-22 15:41:20] Traceback (most recent call last):
  File "c:\Users\phili\Desktop\nba-substitution-prediction\src\collect\backfill_season.py", line 166, in backfill
    attempted = pbp.insert_raw_play_by_play(df)
                ^^^^^^^^^^^^^^^^^^^^^^^^^^^^^^^
  File "c:\Users\phili\Desktop\nba-substitution-prediction\src\collect\get_play_by_play.py", line 257, in insert_raw_play_by_play
    psycopg2.extras.execute_values(
  File "C:\Users\phili\Desktop\nba-substitution-prediction\venv\Lib\site-packages\psycopg2\extras.py", line 1299, in execute_values
    cur.execute(b''.join(parts))
psycopg2.errors.InvalidColumnReference: there is no unique or exclusion constraint matching the ON CONFLICT specification


[2026-02-22 15:41:25] [13/63] game_id=0022500631
[2026-02-22 15:41:26]   -> fetched 505 API events
[2026-02-22 15:41:26]   -> FAIL: UndefinedTable('relation "play_by_play_v3_raw" does not exist\nLINE 2:         INSERT INTO play_by_play_v3_raw ("gameId", "actionNu...\n                            ^\n')
[2026-02-22 15:41:26] Traceback (most recent call last):
  File "c:\Users\phili\Desktop\nba-substitution-prediction\src\collect\backfill_season.py", line 166, in backfill
    attempted = pbp.insert_raw_play_by_play(df)
                ^^^^^^^^^^^^^^^^^^^^^^^^^^^^^^^
  File "c:\Users\phili\Desktop\nba-substitution-prediction\src\collect\get_play_by_play.py", line 257, in insert_raw_play_by_play
    psycopg2.extras.execute_values(
  File "C:\Users\phili\Desktop\nba-substitution-prediction\venv\Lib\site-packages\psycopg2\extras.py", line 1299, in execute_values
    cur.execute(b''.join(parts))
psycopg2.errors.UndefinedTable: relation "play_by_play_v3_raw" does not exist
LINE 2:         INSERT INTO play_by_play_v3_raw ("gameId", "actionNu...
                            ^


[2026-02-22 15:41:31] [14/63] game_id=0022500616
[2026-02-22 15:41:31]   -> FAIL: UndefinedTable('relation "play_by_play_v3_raw" does not exist\nLINE 1: SELECT 1 FROM play_by_play_v3_raw WHERE "gameId" = \'00225006...\n                      ^\n')
[2026-02-22 15:41:31] Traceback (most recent call last):
  File "c:\Users\phili\Desktop\nba-substitution-prediction\src\collect\backfill_season.py", line 156, in backfill
    if not force_refetch_pbp and _raw_has_any_rows(game_id):
                                 ^^^^^^^^^^^^^^^^^^^^^^^^^^
  File "c:\Users\phili\Desktop\nba-substitution-prediction\src\collect\backfill_season.py", line 101, in _raw_has_any_rows
    cur.execute(
psycopg2.errors.UndefinedTable: relation "play_by_play_v3_raw" does not exist
LINE 1: SELECT 1 FROM play_by_play_v3_raw WHERE "gameId" = '00225006...
                      ^


[2026-02-22 15:41:38] [15/63] game_id=0022500598
[2026-02-22 15:41:38]   -> FAIL: UndefinedTable('relation "play_by_play_v3_raw" does not exist\nLINE 1: SELECT 1 FROM play_by_play_v3_raw WHERE "gameId" = \'00225005...\n                      ^\n')
[2026-02-22 15:41:38] Traceback (most recent call last):
  File "c:\Users\phili\Desktop\nba-substitution-prediction\src\collect\backfill_season.py", line 156, in backfill
    if not force_refetch_pbp and _raw_has_any_rows(game_id):
                                 ^^^^^^^^^^^^^^^^^^^^^^^^^^
  File "c:\Users\phili\Desktop\nba-substitution-prediction\src\collect\backfill_season.py", line 101, in _raw_has_any_rows
    cur.execute(
psycopg2.errors.UndefinedTable: relation "play_by_play_v3_raw" does not exist
LINE 1: SELECT 1 FROM play_by_play_v3_raw WHERE "gameId" = '00225005...
                      ^


